[2024-04-11 16:56:04,131: INFO: config: PyTorch version 2.2.2 available.]
[2024-04-11 16:56:05,345: INFO: main: >>>>>> stage Data Ingestion stage started <<<<<<]
[2024-04-11 16:56:05,369: INFO: common: yaml file: config\config.yaml loaded successfully]
[2024-04-11 16:56:05,402: INFO: common: yaml file: params.yaml loaded successfully]
[2024-04-11 16:56:05,406: INFO: common: created directory at: artifacts]
[2024-04-11 16:56:05,408: INFO: common: created directory at: artifacts/data_ingestion]
[2024-04-11 16:56:05,412: INFO: data_ingestion: File already exists of size: ~ 7718 KB]
[2024-04-11 16:56:05,668: INFO: data_ingestion: Extraction Compelete]
[2024-04-11 16:56:05,668: INFO: main: >>>>>> stage Data Ingestion stage completed <<<<<<

x==========x]
[2024-04-11 16:56:05,668: INFO: main: >>>>>> stage Data Validation stage started <<<<<<]
[2024-04-11 16:56:05,668: INFO: common: yaml file: config\config.yaml loaded successfully]
[2024-04-11 16:56:05,684: INFO: common: yaml file: params.yaml loaded successfully]
[2024-04-11 16:56:05,685: INFO: common: created directory at: artifacts]
[2024-04-11 16:56:05,685: INFO: common: created directory at: artifacts/data_validation]
[2024-04-11 16:56:05,687: INFO: main: >>>>>> stage Data Validation stage completed <<<<<<

x==========x]
[2024-04-11 16:56:05,688: INFO: main: >>>>>> stage Data Transformation stage started <<<<<<]
[2024-04-11 16:56:05,692: INFO: common: yaml file: config\config.yaml loaded successfully]
[2024-04-11 16:56:05,694: INFO: common: yaml file: params.yaml loaded successfully]
[2024-04-11 16:56:05,695: INFO: common: created directory at: artifacts]
[2024-04-11 16:56:05,695: INFO: common: created directory at: artifacts/data_transformation]
[2024-04-11 16:56:07,401: INFO: main: >>>>>> stage Data Transformation stage completed <<<<<<

x==========x]
[2024-04-11 16:56:07,401: INFO: main: >>>>>> stage Model training stage started <<<<<<]
[2024-04-11 16:56:07,401: INFO: common: yaml file: config\config.yaml loaded successfully]
[2024-04-11 16:56:07,401: INFO: common: yaml file: params.yaml loaded successfully]
[2024-04-11 16:56:07,401: INFO: common: created directory at: artifacts]
[2024-04-11 16:56:07,416: INFO: common: created directory at: artifacts/model_trainer]
[2024-04-11 16:56:18,024: ERROR: main: Using the `Trainer` with `PyTorch` requires `accelerate>=0.21.0`: Please run `pip install transformers[torch]` or `pip install accelerate -U`]
Traceback (most recent call last):
  File "main.py", line 47, in <module>
    model_training.main()
  File "c:\users\hites\onedrive\desktop\end to end ml project\text-summarization-nlp-project\src\textSummarizer\pipeline\model_trainer.py", line 10, in main
    model_trainer_config.train()
  File "c:\users\hites\onedrive\desktop\end to end ml project\text-summarization-nlp-project\src\textSummarizer\components\model_trainer.py", line 32, in train
    trainer_args = TrainingArguments(
  File "<string>", line 123, in __init__
  File "C:\Users\hites\OneDrive\Desktop\end to end ml project\Text-Summarization-NLP-Project\venv\lib\site-packages\transformers\training_args.py", line 1551, in __post_init__
    and (self.device.type != "cuda")
  File "C:\Users\hites\OneDrive\Desktop\end to end ml project\Text-Summarization-NLP-Project\venv\lib\site-packages\transformers\training_args.py", line 2027, in device
    return self._setup_devices
  File "C:\Users\hites\OneDrive\Desktop\end to end ml project\Text-Summarization-NLP-Project\venv\lib\site-packages\transformers\utils\generic.py", line 63, in __get__
    cached = self.fget(obj)
  File "C:\Users\hites\OneDrive\Desktop\end to end ml project\Text-Summarization-NLP-Project\venv\lib\site-packages\transformers\training_args.py", line 1937, in _setup_devices
    raise ImportError(
ImportError: Using the `Trainer` with `PyTorch` requires `accelerate>=0.21.0`: Please run `pip install transformers[torch]` or `pip install accelerate -U`
