[2024-04-11 23:21:59,836: INFO: config: PyTorch version 2.2.2+cu121 available.]
[2024-04-11 23:22:03,056: INFO: main: >>>>>> stage Data Ingestion stage started <<<<<<]
[2024-04-11 23:22:03,059: INFO: common: yaml file: config\config.yaml loaded successfully]
[2024-04-11 23:22:03,065: INFO: common: yaml file: params.yaml loaded successfully]
[2024-04-11 23:22:03,066: INFO: common: created directory at: artifacts]
[2024-04-11 23:22:03,066: INFO: common: created directory at: artifacts/data_ingestion]
[2024-04-11 23:22:03,067: INFO: data_ingestion: File already exists of size: ~ 7718 KB]
[2024-04-11 23:22:03,210: INFO: data_ingestion: Extraction Compelete]
[2024-04-11 23:22:03,211: INFO: main: >>>>>> stage Data Ingestion stage completed <<<<<<

x==========x]
[2024-04-11 23:22:03,211: INFO: main: >>>>>> stage Data Validation stage started <<<<<<]
[2024-04-11 23:22:03,214: INFO: common: yaml file: config\config.yaml loaded successfully]
[2024-04-11 23:22:03,216: INFO: common: yaml file: params.yaml loaded successfully]
[2024-04-11 23:22:03,217: INFO: common: created directory at: artifacts]
[2024-04-11 23:22:03,218: INFO: common: created directory at: artifacts/data_validation]
[2024-04-11 23:22:03,220: INFO: main: >>>>>> stage Data Validation stage completed <<<<<<

x==========x]
[2024-04-11 23:22:03,221: INFO: main: >>>>>> stage Data Transformation stage started <<<<<<]
[2024-04-11 23:22:03,225: INFO: common: yaml file: config\config.yaml loaded successfully]
[2024-04-11 23:22:03,228: INFO: common: yaml file: params.yaml loaded successfully]
[2024-04-11 23:22:03,229: INFO: common: created directory at: artifacts]
[2024-04-11 23:22:03,230: INFO: common: created directory at: artifacts/data_transformation]
[2024-04-11 23:22:04,985: INFO: main: >>>>>> stage Data Transformation stage completed <<<<<<

x==========x]
[2024-04-11 23:22:04,986: INFO: main: >>>>>> stage Model evaluation stage started <<<<<<]
[2024-04-11 23:22:04,990: INFO: common: yaml file: config\config.yaml loaded successfully]
[2024-04-11 23:22:04,992: INFO: common: yaml file: params.yaml loaded successfully]
[2024-04-11 23:22:04,993: INFO: common: created directory at: artifacts]
[2024-04-11 23:22:04,994: INFO: common: created directory at: artifacts/model_trainer]
[2024-04-11 23:22:04,995: ERROR: main: name 'ModelTrainer' is not defined]
Traceback (most recent call last):
  File "main.py", line 62, in <module>
    model_evaluation.main()
  File "c:\users\hites\onedrive\desktop\end to end ml project\text-summarization-nlp-project\src\textSummarizer\pipeline\model_evaluation.py", line 11, in main
    model_trainer_config = ModelTrainer(config=model_trainer_config)
NameError: name 'ModelTrainer' is not defined
