[2024-04-08 22:30:33,972: INFO: main: >>>>>> stage Data Ingestion stage started <<<<<<]
[2024-04-08 22:30:33,988: INFO: common: yaml file: config\config.yaml loaded successfully]
[2024-04-08 22:30:33,988: INFO: common: yaml file: params.yaml loaded successfully]
[2024-04-08 22:30:33,988: INFO: common: created directory at: artifacts]
[2024-04-08 22:30:33,988: INFO: common: created directory at: artifacts/data_ingestion]
[2024-04-08 22:30:36,945: INFO: data_ingestion: artifacts/data_ingestion/data.zip download! with following info: 
Connection: close
Content-Length: 7903594
Cache-Control: max-age=300
Content-Security-Policy: default-src 'none'; style-src 'unsafe-inline'; sandbox
Content-Type: application/zip
ETag: "dbc016a060da18070593b83afff580c9b300f0b6ea4147a7988433e04df246ca"
Strict-Transport-Security: max-age=31536000
X-Content-Type-Options: nosniff
X-Frame-Options: deny
X-XSS-Protection: 1; mode=block
X-GitHub-Request-Id: B55C:164E0B:711B0:845E6:661412DC
Accept-Ranges: bytes
Date: Mon, 08 Apr 2024 17:00:35 GMT
Via: 1.1 varnish
X-Served-By: cache-maa10237-MAA
X-Cache: HIT
X-Cache-Hits: 1
X-Timer: S1712595635.485406,VS0,VE269
Vary: Authorization,Accept-Encoding,Origin
Access-Control-Allow-Origin: *
Cross-Origin-Resource-Policy: cross-origin
X-Fastly-Request-ID: 2803059c2d9baa8a53970684c39e3477fe804597
Expires: Mon, 08 Apr 2024 17:05:35 GMT
Source-Age: 0

]
[2024-04-08 22:30:37,110: INFO: data_ingestion: Extraction Compelete]
[2024-04-08 22:30:37,110: INFO: main: >>>>>> stage Data Ingestion stage completed <<<<<<

x==========x]
[2024-04-08 22:30:37,110: INFO: main: >>>>>> stage Data Validation stage started <<<<<<]
[2024-04-08 22:30:37,110: INFO: common: yaml file: config\config.yaml loaded successfully]
[2024-04-08 22:30:37,110: INFO: common: yaml file: params.yaml loaded successfully]
[2024-04-08 22:30:37,110: INFO: common: created directory at: artifacts]
[2024-04-08 22:30:37,110: INFO: common: created directory at: artifacts/data_validation]
[2024-04-08 22:30:37,127: INFO: main: >>>>>> stage Data Validation stage completed <<<<<<

x==========x]
