[2024-04-08 21:15:57,328: INFO: common: yaml file: config\config.yaml loaded successfully]
[2024-04-08 21:15:57,338: INFO: common: yaml file: params.yaml loaded successfully]
[2024-04-08 21:22:59,498: INFO: common: yaml file: config\config.yaml loaded successfully]
[2024-04-08 21:22:59,500: INFO: common: yaml file: params.yaml loaded successfully]
[2024-04-08 21:22:59,502: INFO: common: created directory at: artifacts]
[2024-04-08 21:22:59,504: INFO: common: created directory at: artifacts/data_ingestion]
[2024-04-08 21:23:03,213: INFO: 1362121025: artifacts/data_ingestion/data.zip download! with following info: 
Connection: close
Content-Length: 7903594
Cache-Control: max-age=300
Content-Security-Policy: default-src 'none'; style-src 'unsafe-inline'; sandbox
Content-Type: application/zip
ETag: "dbc016a060da18070593b83afff580c9b300f0b6ea4147a7988433e04df246ca"
Strict-Transport-Security: max-age=31536000
X-Content-Type-Options: nosniff
X-Frame-Options: deny
X-XSS-Protection: 1; mode=block
X-GitHub-Request-Id: B55C:164E0B:711B0:845E6:661412DC
Accept-Ranges: bytes
Date: Mon, 08 Apr 2024 15:53:01 GMT
Via: 1.1 varnish
X-Served-By: cache-maa10230-MAA
X-Cache: MISS
X-Cache-Hits: 0
X-Timer: S1712591581.157859,VS0,VE708
Vary: Authorization,Accept-Encoding,Origin
Access-Control-Allow-Origin: *
Cross-Origin-Resource-Policy: cross-origin
X-Fastly-Request-ID: a9f2eadbc2b40e1455d66dcf71225b7dcea114c7
Expires: Mon, 08 Apr 2024 15:58:01 GMT
Source-Age: 0

]
[2024-04-08 21:23:03,346: INFO: 1362121025: Extraction Compelete]
